# JRE version: OpenJDK Runtime Environment (8.0_242-b01) (build 1.8.0_242-release-1644-b01)
# Java VM: OpenJDK 64-Bit Server VM (25.242-b01 mixed mode windows-amd64 compressed oops)
Heap:
 PSYoungGen      total 300544K, used 300195K [0x00000000d5580000, 0x00000000eeb80000, 0x0000000100000000)
  eden space 290816K, 100% used [0x00000000d5580000,0x00000000e7180000,0x00000000e7180000)
  from space 9728K, 96% used [0x00000000e7a00000,0x00000000e8328cd0,0x00000000e8380000)
  to   space 62464K, 9% used [0x00000000eae80000,0x00000000eb45cb40,0x00000000eeb80000)
 ParOldGen       total 292864K, used 75363K [0x0000000080000000, 0x0000000091e00000, 0x00000000d5580000)
  object space 292864K, 25% used [0x0000000080000000,0x0000000084998e30,0x0000000091e00000)
 Metaspace       used 129725K, capacity 139508K, committed 140108K, reserved 1171456K
  class space    used 16726K, capacity 18343K, committed 18816K, reserved 1048576K
GC Heap History (10 events):
Event: 8064.226 GC heap before
{Heap before GC invocations=35 (full 6):
 PSYoungGen      total 382976K, used 347103K [0x00000000d5580000, 0x00000000f2100000, 0x0000000100000000)
  eden space 337408K, 100% used [0x00000000d5580000,0x00000000e9f00000,0x00000000e9f00000)
  from space 45568K, 21% used [0x00000000ef480000,0x00000000efdf7d68,0x00000000f2100000)
  to   space 66560K, 0% used [0x00000000e9f00000,0x00000000e9f00000,0x00000000ee000000)
 ParOldGen       total 292864K, used 75323K [0x0000000080000000, 0x0000000091e00000, 0x00000000d5580000)
  object space 292864K, 25% used [0x0000000080000000,0x000000008498ee30,0x0000000091e00000)
 Metaspace       used 127806K, capacity 135846K, committed 138188K, reserved 1169408K
  class space    used 16452K, capacity 17844K, committed 18688K, reserved 1048576K
Event: 8064.244 GC heap after
Heap after GC invocations=35 (full 6):
 PSYoungGen      total 337408K, used 10012K [0x00000000d5580000, 0x00000000f1700000, 0x0000000100000000)
  eden space 327168K, 0% used [0x00000000d5580000,0x00000000d5580000,0x00000000e9500000)
  from space 10240K, 97% used [0x00000000e9f00000,0x00000000ea8c71d0,0x00000000ea900000)
  to   space 66560K, 0% used [0x00000000ed600000,0x00000000ed600000,0x00000000f1700000)
 ParOldGen       total 292864K, used 75331K [0x0000000080000000, 0x0000000091e00000, 0x00000000d5580000)
  object space 292864K, 25% used [0x0000000080000000,0x0000000084990e30,0x0000000091e00000)
 Metaspace       used 127806K, capacity 135846K, committed 138188K, reserved 1169408K
  class space    used 16452K, capacity 17844K, committed 18688K, reserved 1048576K
}
Event: 8371.142 GC heap before
{Heap before GC invocations=36 (full 6):
 PSYoungGen      total 337408K, used 337180K [0x00000000d5580000, 0x00000000f1700000, 0x0000000100000000)
  eden space 327168K, 100% used [0x00000000d5580000,0x00000000e9500000,0x00000000e9500000)
  from space 10240K, 97% used [0x00000000e9f00000,0x00000000ea8c71d0,0x00000000ea900000)
  to   space 66560K, 0% used [0x00000000ed600000,0x00000000ed600000,0x00000000f1700000)
 ParOldGen       total 292864K, used 75331K [0x0000000080000000, 0x0000000091e00000, 0x00000000d5580000)
  object space 292864K, 25% used [0x0000000080000000,0x0000000084990e30,0x0000000091e00000)
 Metaspace       used 128761K, capacity 137990K, committed 138700K, reserved 1169408K
  class space    used 16634K, capacity 18180K, committed 18688K, reserved 1048576K
Event: 8371.152 GC heap after
Heap after GC invocations=36 (full 6):
 PSYoungGen      total 375296K, used 5235K [0x00000000d5580000, 0x00000000f0e80000, 0x0000000100000000)
  eden space 317440K, 0% used [0x00000000d5580000,0x00000000d5580000,0x00000000e8b80000)
  from space 57856K, 9% used [0x00000000ed600000,0x00000000edb1ccc0,0x00000000f0e80000)
  to   space 67072K, 0% used [0x00000000e8b80000,0x00000000e8b80000,0x00000000ecd00000)
 ParOldGen       total 292864K, used 75339K [0x0000000080000000, 0x0000000091e00000, 0x00000000d5580000)
  object space 292864K, 25% used [0x0000000080000000,0x0000000084992e30,0x0000000091e00000)
 Metaspace       used 128761K, capacity 137990K, committed 138700K, reserved 1169408K
  class space    used 16634K, capacity 18180K, committed 18688K, reserved 1048576K
}
Event: 8385.686 GC heap before
{Heap before GC invocations=37 (full 6):
 PSYoungGen      total 375296K, used 322667K [0x00000000d5580000, 0x00000000f0e80000, 0x0000000100000000)
  eden space 317440K, 99% used [0x00000000d5580000,0x00000000e8b7e1f0,0x00000000e8b80000)
  from space 57856K, 9% used [0x00000000ed600000,0x00000000edb1ccc0,0x00000000f0e80000)
  to   space 67072K, 0% used [0x00000000e8b80000,0x00000000e8b80000,0x00000000ecd00000)
 ParOldGen       total 292864K, used 75339K [0x0000000080000000, 0x0000000091e00000, 0x00000000d5580000)
  object space 292864K, 25% used [0x0000000080000000,0x0000000084992e30,0x0000000091e00000)
 Metaspace       used 129150K, capacity 138578K, committed 139212K, reserved 1169408K
  class space    used 16663K, capacity 18234K, committed 18688K, reserved 1048576K
Event: 8385.701 GC heap after
Heap after GC invocations=37 (full 6):
 PSYoungGen      total 317952K, used 9436K [0x00000000d5580000, 0x00000000f0380000, 0x0000000100000000)
  eden space 308224K, 0% used [0x00000000d5580000,0x00000000d5580000,0x00000000e8280000)
  from space 9728K, 97% used [0x00000000e8b80000,0x00000000e94b7190,0x00000000e9500000)
  to   space 66048K, 0% used [0x00000000ec300000,0x00000000ec300000,0x00000000f0380000)
 ParOldGen       total 292864K, used 75347K [0x0000000080000000, 0x0000000091e00000, 0x00000000d5580000)
  object space 292864K, 25% used [0x0000000080000000,0x0000000084994e30,0x0000000091e00000)
 Metaspace       used 129150K, capacity 138578K, committed 139212K, reserved 1169408K
  class space    used 16663K, capacity 18234K, committed 18688K, reserved 1048576K
}
Event: 8407.034 GC heap before
{Heap before GC invocations=38 (full 6):
 PSYoungGen      total 317952K, used 317632K [0x00000000d5580000, 0x00000000f0380000, 0x0000000100000000)
  eden space 308224K, 99% used [0x00000000d5580000,0x00000000e82790f8,0x00000000e8280000)
  from space 9728K, 97% used [0x00000000e8b80000,0x00000000e94b7190,0x00000000e9500000)
  to   space 66048K, 0% used [0x00000000ec300000,0x00000000ec300000,0x00000000f0380000)
 ParOldGen       total 292864K, used 75347K [0x0000000080000000, 0x0000000091e00000, 0x00000000d5580000)
  object space 292864K, 25% used [0x0000000080000000,0x0000000084994e30,0x0000000091e00000)
 Metaspace       used 129224K, capacity 138664K, committed 139212K, reserved 1169408K
  class space    used 16665K, capacity 18237K, committed 18688K, reserved 1048576K
Event: 8407.045 GC heap after
Heap after GC invocations=38 (full 6):
 PSYoungGen      total 351744K, used 15001K [0x00000000d5580000, 0x00000000ef600000, 0x0000000100000000)
  eden space 299520K, 0% used [0x00000000d5580000,0x00000000d5580000,0x00000000e7a00000)
  from space 52224K, 28% used [0x00000000ec300000,0x00000000ed1a6690,0x00000000ef600000)
  to   space 63488K, 0% used [0x00000000e7a00000,0x00000000e7a00000,0x00000000eb800000)
 ParOldGen       total 292864K, used 75355K [0x0000000080000000, 0x0000000091e00000, 0x00000000d5580000)
  object space 292864K, 25% used [0x0000000080000000,0x0000000084996e30,0x0000000091e00000)
 Metaspace       used 129224K, capacity 138664K, committed 139212K, reserved 1169408K
  class space    used 16665K, capacity 18237K, committed 18688K, reserved 1048576K
}
Event: 8563.466 GC heap before
{Heap before GC invocations=39 (full 6):
 PSYoungGen      total 351744K, used 314521K [0x00000000d5580000, 0x00000000ef600000, 0x0000000100000000)
  eden space 299520K, 100% used [0x00000000d5580000,0x00000000e7a00000,0x00000000e7a00000)
  from space 52224K, 28% used [0x00000000ec300000,0x00000000ed1a6690,0x00000000ef600000)
  to   space 63488K, 0% used [0x00000000e7a00000,0x00000000e7a00000,0x00000000eb800000)
 ParOldGen       total 292864K, used 75355K [0x0000000080000000, 0x0000000091e00000, 0x00000000d5580000)
  object space 292864K, 25% used [0x0000000080000000,0x0000000084996e30,0x0000000091e00000)
 Metaspace       used 129620K, capacity 139426K, committed 140108K, reserved 1171456K
  class space    used 16723K, capacity 18340K, committed 18816K, reserved 1048576K
Event: 8563.478 GC heap after
Heap after GC invocations=39 (full 6):
 PSYoungGen      total 300544K, used 9379K [0x00000000d5580000, 0x00000000eeb80000, 0x0000000100000000)
  eden space 290816K, 0% used [0x00000000d5580000,0x00000000d5580000,0x00000000e7180000)
  from space 9728K, 96% used [0x00000000e7a00000,0x00000000e8328cd0,0x00000000e8380000)
  to   space 62464K, 0% used [0x00000000eae80000,0x00000000eae80000,0x00000000eeb80000)
 ParOldGen       total 292864K, used 75363K [0x0000000080000000, 0x0000000091e00000, 0x00000000d5580000)
  object space 292864K, 25% used [0x0000000080000000,0x0000000084998e30,0x0000000091e00000)
 Metaspace       used 129620K, capacity 139426K, committed 140108K, reserved 1171456K
  class space    used 16723K, capacity 18340K, committed 18816K, reserved 1048576K
}

