# JRE version: OpenJDK Runtime Environment (8.0_242-b01) (build 1.8.0_242-release-1644-b01)
# Java VM: OpenJDK 64-Bit Server VM (25.242-b01 mixed mode windows-amd64 compressed oops)
Heap:
 PSYoungGen      total 527360K, used 365028K [0x00000000d5580000, 0x00000000fe800000, 0x0000000100000000)
  eden space 396800K, 76% used [0x00000000d5580000,0x00000000e7e98358,0x00000000ed900000)
  from space 130560K, 46% used [0x00000000f6880000,0x00000000fa3e0e88,0x00000000fe800000)
  to   space 138752K, 0% used [0x00000000ed900000,0x00000000ed900000,0x00000000f6080000)
 ParOldGen       total 523264K, used 170412K [0x0000000080000000, 0x000000009ff00000, 0x00000000d5580000)
  object space 523264K, 32% used [0x0000000080000000,0x000000008a66b2a0,0x000000009ff00000)
 Metaspace       used 184821K, capacity 195986K, committed 196336K, reserved 1220608K
  class space    used 22751K, capacity 24723K, committed 24832K, reserved 1048576K
GC Heap History (10 events):
Event: 4442.758 GC heap before
{Heap before GC invocations=41 (full 5):
 PSYoungGen      total 513024K, used 371393K [0x00000000d5580000, 0x00000000ffd00000, 0x0000000100000000)
  eden space 335872K, 99% used [0x00000000d5580000,0x00000000e9d7e7d0,0x00000000e9d80000)
  from space 177152K, 20% used [0x00000000e9d80000,0x00000000ec031d00,0x00000000f4a80000)
  to   space 173056K, 0% used [0x00000000f5400000,0x00000000f5400000,0x00000000ffd00000)
 ParOldGen       total 523264K, used 170380K [0x0000000080000000, 0x000000009ff00000, 0x00000000d5580000)
  object space 523264K, 32% used [0x0000000080000000,0x000000008a6632a0,0x000000009ff00000)
 Metaspace       used 160938K, capacity 171710K, committed 171888K, reserved 1200128K
  class space    used 20116K, capacity 21989K, committed 22144K, reserved 1048576K
Event: 4442.784 GC heap after
Heap after GC invocations=41 (full 5):
 PSYoungGen      total 507392K, used 49664K [0x00000000d5580000, 0x00000000fef00000, 0x0000000100000000)
  eden space 348672K, 0% used [0x00000000d5580000,0x00000000d5580000,0x00000000eaa00000)
  from space 158720K, 31% used [0x00000000f5400000,0x00000000f8480050,0x00000000fef00000)
  to   space 166400K, 0% used [0x00000000eaa00000,0x00000000eaa00000,0x00000000f4c80000)
 ParOldGen       total 523264K, used 170388K [0x0000000080000000, 0x000000009ff00000, 0x00000000d5580000)
  object space 523264K, 32% used [0x0000000080000000,0x000000008a6652a0,0x000000009ff00000)
 Metaspace       used 160938K, capacity 171710K, committed 171888K, reserved 1200128K
  class space    used 20116K, capacity 21989K, committed 22144K, reserved 1048576K
}
Event: 4881.545 GC heap before
{Heap before GC invocations=42 (full 5):
 PSYoungGen      total 507392K, used 398336K [0x00000000d5580000, 0x00000000fef00000, 0x0000000100000000)
  eden space 348672K, 100% used [0x00000000d5580000,0x00000000eaa00000,0x00000000eaa00000)
  from space 158720K, 31% used [0x00000000f5400000,0x00000000f8480050,0x00000000fef00000)
  to   space 166400K, 0% used [0x00000000eaa00000,0x00000000eaa00000,0x00000000f4c80000)
 ParOldGen       total 523264K, used 170388K [0x0000000080000000, 0x000000009ff00000, 0x00000000d5580000)
  object space 523264K, 32% used [0x0000000080000000,0x000000008a6652a0,0x000000009ff00000)
 Metaspace       used 168791K, capacity 179790K, committed 179952K, reserved 1206272K
  class space    used 20994K, capacity 22899K, committed 23040K, reserved 1048576K
Event: 4881.615 GC heap after
Heap after GC invocations=42 (full 5):
 PSYoungGen      total 515072K, used 54198K [0x00000000d5580000, 0x00000000ff880000, 0x0000000100000000)
  eden space 348672K, 0% used [0x00000000d5580000,0x00000000d5580000,0x00000000eaa00000)
  from space 166400K, 32% used [0x00000000eaa00000,0x00000000edeeda98,0x00000000f4c80000)
  to   space 158720K, 0% used [0x00000000f5d80000,0x00000000f5d80000,0x00000000ff880000)
 ParOldGen       total 523264K, used 170388K [0x0000000080000000, 0x000000009ff00000, 0x00000000d5580000)
  object space 523264K, 32% used [0x0000000080000000,0x000000008a6652a0,0x000000009ff00000)
 Metaspace       used 168791K, capacity 179790K, committed 179952K, reserved 1206272K
  class space    used 20994K, capacity 22899K, committed 23040K, reserved 1048576K
}
Event: 4948.347 GC heap before
{Heap before GC invocations=43 (full 5):
 PSYoungGen      total 515072K, used 402870K [0x00000000d5580000, 0x00000000ff880000, 0x0000000100000000)
  eden space 348672K, 100% used [0x00000000d5580000,0x00000000eaa00000,0x00000000eaa00000)
  from space 166400K, 32% used [0x00000000eaa00000,0x00000000edeeda98,0x00000000f4c80000)
  to   space 158720K, 0% used [0x00000000f5d80000,0x00000000f5d80000,0x00000000ff880000)
 ParOldGen       total 523264K, used 170388K [0x0000000080000000, 0x000000009ff00000, 0x00000000d5580000)
  object space 523264K, 32% used [0x0000000080000000,0x000000008a6652a0,0x000000009ff00000)
 Metaspace       used 169011K, capacity 179986K, committed 180208K, reserved 1206272K
  class space    used 21006K, capacity 22921K, committed 23040K, reserved 1048576K
Event: 4948.376 GC heap after
Heap after GC invocations=43 (full 5):
 PSYoungGen      total 522240K, used 41305K [0x00000000d5580000, 0x00000000fee80000, 0x0000000100000000)
  eden space 373760K, 0% used [0x00000000d5580000,0x00000000d5580000,0x00000000ec280000)
  from space 148480K, 27% used [0x00000000f5d80000,0x00000000f85d67d0,0x00000000fee80000)
  to   space 153600K, 0% used [0x00000000ec280000,0x00000000ec280000,0x00000000f5880000)
 ParOldGen       total 523264K, used 170396K [0x0000000080000000, 0x000000009ff00000, 0x00000000d5580000)
  object space 523264K, 32% used [0x0000000080000000,0x000000008a6672a0,0x000000009ff00000)
 Metaspace       used 169011K, capacity 179986K, committed 180208K, reserved 1206272K
  class space    used 21006K, capacity 22921K, committed 23040K, reserved 1048576K
}
Event: 4981.659 GC heap before
{Heap before GC invocations=44 (full 5):
 PSYoungGen      total 522240K, used 415065K [0x00000000d5580000, 0x00000000fee80000, 0x0000000100000000)
  eden space 373760K, 100% used [0x00000000d5580000,0x00000000ec280000,0x00000000ec280000)
  from space 148480K, 27% used [0x00000000f5d80000,0x00000000f85d67d0,0x00000000fee80000)
  to   space 153600K, 0% used [0x00000000ec280000,0x00000000ec280000,0x00000000f5880000)
 ParOldGen       total 523264K, used 170396K [0x0000000080000000, 0x000000009ff00000, 0x00000000d5580000)
  object space 523264K, 32% used [0x0000000080000000,0x000000008a6672a0,0x000000009ff00000)
 Metaspace       used 176859K, capacity 188058K, committed 188272K, reserved 1214464K
  class space    used 21888K, capacity 23839K, committed 23936K, reserved 1048576K
Event: 4981.697 GC heap after
Heap after GC invocations=44 (full 5):
 PSYoungGen      total 527360K, used 50310K [0x00000000d5580000, 0x00000000ff800000, 0x0000000100000000)
  eden space 373760K, 0% used [0x00000000d5580000,0x00000000d5580000,0x00000000ec280000)
  from space 153600K, 32% used [0x00000000ec280000,0x00000000ef3a1aa8,0x00000000f5880000)
  to   space 146944K, 0% used [0x00000000f6880000,0x00000000f6880000,0x00000000ff800000)
 ParOldGen       total 523264K, used 170404K [0x0000000080000000, 0x000000009ff00000, 0x00000000d5580000)
  object space 523264K, 32% used [0x0000000080000000,0x000000008a6692a0,0x000000009ff00000)
 Metaspace       used 176859K, capacity 188058K, committed 188272K, reserved 1214464K
  class space    used 21888K, capacity 23839K, committed 23936K, reserved 1048576K
}
Event: 5000.250 GC heap before
{Heap before GC invocations=45 (full 5):
 PSYoungGen      total 527360K, used 424070K [0x00000000d5580000, 0x00000000ff800000, 0x0000000100000000)
  eden space 373760K, 100% used [0x00000000d5580000,0x00000000ec280000,0x00000000ec280000)
  from space 153600K, 32% used [0x00000000ec280000,0x00000000ef3a1aa8,0x00000000f5880000)
  to   space 146944K, 0% used [0x00000000f6880000,0x00000000f6880000,0x00000000ff800000)
 ParOldGen       total 523264K, used 170404K [0x0000000080000000, 0x000000009ff00000, 0x00000000d5580000)
  object space 523264K, 32% used [0x0000000080000000,0x000000008a6692a0,0x000000009ff00000)
 Metaspace       used 184682K, capacity 195852K, committed 196080K, reserved 1220608K
  class space    used 22745K, capacity 24712K, committed 24832K, reserved 1048576K
Event: 5000.300 GC heap after
Heap after GC invocations=45 (full 5):
 PSYoungGen      total 527360K, used 60803K [0x00000000d5580000, 0x00000000fe800000, 0x0000000100000000)
  eden space 396800K, 0% used [0x00000000d5580000,0x00000000d5580000,0x00000000ed900000)
  from space 130560K, 46% used [0x00000000f6880000,0x00000000fa3e0e88,0x00000000fe800000)
  to   space 138752K, 0% used [0x00000000ed900000,0x00000000ed900000,0x00000000f6080000)
 ParOldGen       total 523264K, used 170412K [0x0000000080000000, 0x000000009ff00000, 0x00000000d5580000)
  object space 523264K, 32% used [0x0000000080000000,0x000000008a66b2a0,0x000000009ff00000)
 Metaspace       used 184682K, capacity 195852K, committed 196080K, reserved 1220608K
  class space    used 22745K, capacity 24712K, committed 24832K, reserved 1048576K
}

